<?xml version="1.0" encoding="UTF-8"?>
<!-- Generated by org.testng.reporters.JUnitXMLReporter -->
<testsuite ignored="0" hostname="ATMECSINDT-034" failures="0" tests="3" name="The Demo_QA TestScripts" time="42.152" errors="0" timestamp="27 Aug 2019 15:05:30 GMT">
  <testcase classname="com.atmecs.testscripts.AddToCart" name="selectProduct" time="14.071"/>
  <testcase classname="com.atmecs.testscripts.AddToCart" name="selectProduct" time="9.643"/>
  <testcase classname="com.atmecs.testscripts.AddToCart" name="removeProduct" time="2.669"/>
</testsuite> <!-- The Demo_QA TestScripts -->
