<?xml version="1.0" encoding="UTF-8"?>
<testng-results ignored="0" total="6" passed="6" failed="0" skipped="0">
  <reporter-output>
  </reporter-output>
  <suite started-at="2019-08-06T16:12:18 IST" name="HeatClinic" finished-at="2019-08-06T16:13:20 IST" duration-ms="62226">
    <groups>
    </groups>
    <test started-at="2019-08-06T16:12:18 IST" name="The Heat Clinic Website TestScripts" finished-at="2019-08-06T16:13:20 IST" duration-ms="62226">
      <class name="com.atmecs.testscripts.CountProdTest">
        <test-method is-config="true" signature="preSetup()[pri:0, instance:com.atmecs.testscripts.CountProdTest@3901d134]" started-at="2019-08-06T16:12:29 IST" name="preSetup" finished-at="2019-08-06T16:12:34 IST" duration-ms="5341" status="PASS">
          <reporter-output>
          </reporter-output>
        </test-method> <!-- preSetup -->
        <test-method signature="CountProdTest()[pri:0, instance:com.atmecs.testscripts.CountProdTest@3901d134]" started-at="2019-08-06T16:12:50 IST" name="CountProdTest" finished-at="2019-08-06T16:12:51 IST" duration-ms="937" status="PASS">
          <reporter-output>
          </reporter-output>
        </test-method> <!-- CountProdTest -->
        <test-method is-config="true" signature="tearDown()[pri:0, instance:com.atmecs.testscripts.CountProdTest@3901d134]" started-at="2019-08-06T16:13:17 IST" name="tearDown" finished-at="2019-08-06T16:13:17 IST" duration-ms="118" status="PASS">
          <reporter-output>
          </reporter-output>
        </test-method> <!-- tearDown -->
      </class> <!-- com.atmecs.testscripts.CountProdTest -->
      <class name="com.atmecs.testscripts.SortByName">
        <test-method is-config="true" signature="preSetup()[pri:0, instance:com.atmecs.testscripts.SortByName@12d4bf7e]" started-at="2019-08-06T16:12:39 IST" name="preSetup" finished-at="2019-08-06T16:12:44 IST" duration-ms="5308" status="PASS">
          <reporter-output>
          </reporter-output>
        </test-method> <!-- preSetup -->
        <test-method signature="sort()[pri:0, instance:com.atmecs.testscripts.SortByName@12d4bf7e]" started-at="2019-08-06T16:12:55 IST" name="sort" finished-at="2019-08-06T16:12:59 IST" duration-ms="4182" status="PASS">
          <reporter-output>
          </reporter-output>
        </test-method> <!-- sort -->
        <test-method is-config="true" signature="tearDown()[pri:0, instance:com.atmecs.testscripts.SortByName@12d4bf7e]" started-at="2019-08-06T16:13:18 IST" name="tearDown" finished-at="2019-08-06T16:13:19 IST" duration-ms="981" status="PASS">
          <reporter-output>
          </reporter-output>
        </test-method> <!-- tearDown -->
      </class> <!-- com.atmecs.testscripts.SortByName -->
      <class name="com.atmecs.testscripts.SortByLink">
        <test-method is-config="true" signature="preSetup()[pri:0, instance:com.atmecs.testscripts.SortByLink@4c1d9d4b]" started-at="2019-08-06T16:12:34 IST" name="preSetup" finished-at="2019-08-06T16:12:39 IST" duration-ms="5142" status="PASS">
          <reporter-output>
          </reporter-output>
        </test-method> <!-- preSetup -->
        <test-method signature="linksort()[pri:0, instance:com.atmecs.testscripts.SortByLink@4c1d9d4b]" started-at="2019-08-06T16:12:59 IST" name="linksort" finished-at="2019-08-06T16:13:01 IST" duration-ms="2552" status="PASS">
          <reporter-output>
          </reporter-output>
        </test-method> <!-- linksort -->
        <test-method is-config="true" signature="tearDown()[pri:0, instance:com.atmecs.testscripts.SortByLink@4c1d9d4b]" started-at="2019-08-06T16:13:17 IST" name="tearDown" finished-at="2019-08-06T16:13:18 IST" duration-ms="1012" status="PASS">
          <reporter-output>
          </reporter-output>
        </test-method> <!-- tearDown -->
      </class> <!-- com.atmecs.testscripts.SortByLink -->
      <class name="com.atmecs.testscripts.CheckoutTest">
        <test-method is-config="true" signature="preSetup()[pri:0, instance:com.atmecs.testscripts.CheckoutTest@7219ec67]" started-at="2019-08-06T16:12:24 IST" name="preSetup" finished-at="2019-08-06T16:12:29 IST" duration-ms="4979" status="PASS">
          <reporter-output>
          </reporter-output>
        </test-method> <!-- preSetup -->
        <test-method signature="checkout()[pri:0, instance:com.atmecs.testscripts.CheckoutTest@7219ec67]" started-at="2019-08-06T16:13:05 IST" name="checkout" finished-at="2019-08-06T16:13:15 IST" duration-ms="10159" status="PASS">
          <reporter-output>
          </reporter-output>
        </test-method> <!-- checkout -->
        <test-method is-config="true" signature="tearDown()[pri:0, instance:com.atmecs.testscripts.CheckoutTest@7219ec67]" started-at="2019-08-06T16:13:16 IST" name="tearDown" finished-at="2019-08-06T16:13:17 IST" duration-ms="864" status="PASS">
          <reporter-output>
          </reporter-output>
        </test-method> <!-- tearDown -->
      </class> <!-- com.atmecs.testscripts.CheckoutTest -->
      <class name="com.atmecs.testscripts.SortingTest">
        <test-method is-config="true" signature="preSetup()[pri:0, instance:com.atmecs.testscripts.SortingTest@14d3bc22]" started-at="2019-08-06T16:12:44 IST" name="preSetup" finished-at="2019-08-06T16:12:50 IST" duration-ms="5977" status="PASS">
          <reporter-output>
          </reporter-output>
        </test-method> <!-- preSetup -->
        <test-method signature="sortData()[pri:0, instance:com.atmecs.testscripts.SortingTest@14d3bc22]" started-at="2019-08-06T16:12:51 IST" name="sortData" finished-at="2019-08-06T16:12:55 IST" duration-ms="3365" status="PASS">
          <reporter-output>
          </reporter-output>
        </test-method> <!-- sortData -->
        <test-method is-config="true" signature="tearDown()[pri:0, instance:com.atmecs.testscripts.SortingTest@14d3bc22]" started-at="2019-08-06T16:13:19 IST" name="tearDown" finished-at="2019-08-06T16:13:20 IST" duration-ms="894" status="PASS">
          <reporter-output>
          </reporter-output>
        </test-method> <!-- tearDown -->
      </class> <!-- com.atmecs.testscripts.SortingTest -->
      <class name="com.atmecs.testscripts.AddToCart">
        <test-method is-config="true" signature="preSetup()[pri:0, instance:com.atmecs.testscripts.AddToCart@7b227d8d]" started-at="2019-08-06T16:12:18 IST" name="preSetup" finished-at="2019-08-06T16:12:24 IST" duration-ms="5790" status="PASS">
          <reporter-output>
          </reporter-output>
        </test-method> <!-- preSetup -->
        <test-method signature="addToCart()[pri:0, instance:com.atmecs.testscripts.AddToCart@7b227d8d]" started-at="2019-08-06T16:13:01 IST" name="addToCart" finished-at="2019-08-06T16:13:05 IST" duration-ms="3656" status="PASS">
          <reporter-output>
          </reporter-output>
        </test-method> <!-- addToCart -->
        <test-method is-config="true" signature="tearDown()[pri:0, instance:com.atmecs.testscripts.AddToCart@7b227d8d]" started-at="2019-08-06T16:13:15 IST" name="tearDown" finished-at="2019-08-06T16:13:16 IST" duration-ms="913" status="PASS">
          <reporter-output>
          </reporter-output>
        </test-method> <!-- tearDown -->
      </class> <!-- com.atmecs.testscripts.AddToCart -->
    </test> <!-- The Heat Clinic Website TestScripts -->
  </suite> <!-- HeatClinic -->
</testng-results>
