<?xml version="1.0" encoding="UTF-8"?>
<!-- Generated by org.testng.reporters.JUnitXMLReporter -->
<testsuite ignored="0" hostname="ATMECSINDT-034" failures="0" tests="4" name="The Demo_QA TestScripts" time="35.521" errors="0" timestamp="2019-08-27T20:34:23 IST">
  <testcase classname="com.atmecs.testscripts.SearchTest" name="selectProduct" time="9.794"/>
  <testcase classname="com.atmecs.testscripts.SearchTest" name="selectProduct" time="9.172"/>
  <testcase classname="com.atmecs.testscripts.SearchTest" name="clickOnCart" time="3.412"/>
  <testcase classname="com.atmecs.testscripts.SearchTest" name="getTableCount" time="0.035"/>
</testsuite> <!-- The Demo_QA TestScripts -->
