<?xml version="1.0" encoding="UTF-8"?>
<!-- Generated by org.testng.reporters.JUnitXMLReporter -->
<testsuite ignored="0" hostname="ATMECSINDT-034" failures="0" tests="3" name="The Demo_QA TestScripts" time="53.49" errors="0" timestamp="2019-08-27T20:33:35 IST">
  <testcase classname="com.atmecs.testscripts.AddToCart" name="selectProduct" time="17.514"/>
  <testcase classname="com.atmecs.testscripts.AddToCart" name="selectProduct" time="8.738"/>
  <testcase classname="com.atmecs.testscripts.AddToCart" name="removeProduct" time="2.481"/>
</testsuite> <!-- The Demo_QA TestScripts -->
