<?xml version="1.0" encoding="UTF-8"?>
<testng-results ignored="0" total="8" passed="8" failed="0" skipped="0">
  <reporter-output>
  </reporter-output>
  <suite started-at="2019-08-27T20:33:48 IST" name="DemoQaWebsite (2)" finished-at="2019-08-27T20:34:23 IST" duration-ms="35521">
    <groups>
    </groups>
    <test started-at="2019-08-27T20:33:48 IST" name="The Demo_QA TestScripts" finished-at="2019-08-27T20:34:23 IST" duration-ms="35521">
      <class name="com.atmecs.testscripts.SearchTest">
        <test-method is-config="true" signature="preSetup()[pri:0, instance:com.atmecs.testscripts.SearchTest@4c583ecf]" started-at="2019-08-27T20:33:48 IST" name="preSetup" finished-at="2019-08-27T20:34:01 IST" duration-ms="12916" status="PASS">
          <reporter-output>
          </reporter-output>
        </test-method> <!-- preSetup -->
        <test-method signature="selectProduct(java.lang.String, java.lang.String, java.lang.String, java.lang.String)[pri:1, instance:com.atmecs.testscripts.SearchTest@4c583ecf]" started-at="2019-08-27T20:34:01 IST" name="selectProduct" data-provider="getExcelData" finished-at="2019-08-27T20:34:11 IST" duration-ms="9794" status="PASS">
          <params>
            <param index="0">
              <value>
                <![CDATA[PINK DROP SHOULDER OVERSIZED T SHIRT]]>
              </value>
            </param>
            <param index="1">
              <value>
                <![CDATA[36]]>
              </value>
            </param>
            <param index="2">
              <value>
                <![CDATA[Pink]]>
              </value>
            </param>
            <param index="3">
              <value>
                <![CDATA[2]]>
              </value>
            </param>
          </params>
          <reporter-output>
          </reporter-output>
        </test-method> <!-- selectProduct -->
        <test-method signature="selectProduct(java.lang.String, java.lang.String, java.lang.String, java.lang.String)[pri:1, instance:com.atmecs.testscripts.SearchTest@4c583ecf]" started-at="2019-08-27T20:34:11 IST" name="selectProduct" data-provider="getExcelData" finished-at="2019-08-27T20:34:20 IST" duration-ms="9172" status="PASS">
          <params>
            <param index="0">
              <value>
                <![CDATA[PLAYBOY X MISSGUIDED PLUS SIZE GREY LIPS PRINT FRONT CROPPED T SHIRT]]>
              </value>
            </param>
            <param index="1">
              <value>
                <![CDATA[44]]>
              </value>
            </param>
            <param index="2">
              <value>
                <![CDATA[Grey]]>
              </value>
            </param>
            <param index="3">
              <value>
                <![CDATA[1]]>
              </value>
            </param>
          </params>
          <reporter-output>
          </reporter-output>
        </test-method> <!-- selectProduct -->
        <test-method signature="clickOnCart()[pri:2, instance:com.atmecs.testscripts.SearchTest@4c583ecf]" started-at="2019-08-27T20:34:20 IST" name="clickOnCart" finished-at="2019-08-27T20:34:23 IST" duration-ms="3412" status="PASS">
          <reporter-output>
          </reporter-output>
        </test-method> <!-- clickOnCart -->
        <test-method signature="getTableCount()[pri:3, instance:com.atmecs.testscripts.SearchTest@4c583ecf]" started-at="2019-08-27T20:34:23 IST" name="getTableCount" finished-at="2019-08-27T20:34:23 IST" duration-ms="35" status="PASS">
          <reporter-output>
          </reporter-output>
        </test-method> <!-- getTableCount -->
        <test-method is-config="true" signature="tearDown()[pri:0, instance:com.atmecs.testscripts.SearchTest@4c583ecf]" started-at="2019-08-27T20:34:23 IST" name="tearDown" finished-at="2019-08-27T20:34:23 IST" duration-ms="148" status="PASS">
          <reporter-output>
          </reporter-output>
        </test-method> <!-- tearDown -->
      </class> <!-- com.atmecs.testscripts.SearchTest -->
    </test> <!-- The Demo_QA TestScripts -->
  </suite> <!-- DemoQaWebsite (2) -->
  <suite started-at="2019-08-27T20:32:41 IST" name="DemoQaWebsite (0)" finished-at="2019-08-27T20:33:34 IST" duration-ms="53490">
    <groups>
    </groups>
    <test started-at="2019-08-27T20:32:41 IST" name="The Demo_QA TestScripts" finished-at="2019-08-27T20:33:34 IST" duration-ms="53490">
      <class name="com.atmecs.testscripts.AddToCart">
        <test-method is-config="true" signature="preSetup()[pri:0, instance:com.atmecs.testscripts.AddToCart@7f0eb4b4]" started-at="2019-08-27T20:32:41 IST" name="preSetup" finished-at="2019-08-27T20:33:05 IST" duration-ms="23548" status="PASS">
          <reporter-output>
          </reporter-output>
        </test-method> <!-- preSetup -->
        <test-method signature="selectProduct(java.lang.String, java.lang.String, java.lang.String, java.lang.String)[pri:1, instance:com.atmecs.testscripts.AddToCart@7f0eb4b4]" started-at="2019-08-27T20:33:06 IST" name="selectProduct" data-provider="getExcelData" finished-at="2019-08-27T20:33:23 IST" duration-ms="17514" status="PASS">
          <params>
            <param index="0">
              <value>
                <![CDATA[PINK DROP SHOULDER OVERSIZED T SHIRT]]>
              </value>
            </param>
            <param index="1">
              <value>
                <![CDATA[36]]>
              </value>
            </param>
            <param index="2">
              <value>
                <![CDATA[Pink]]>
              </value>
            </param>
            <param index="3">
              <value>
                <![CDATA[2]]>
              </value>
            </param>
          </params>
          <reporter-output>
          </reporter-output>
        </test-method> <!-- selectProduct -->
        <test-method signature="selectProduct(java.lang.String, java.lang.String, java.lang.String, java.lang.String)[pri:1, instance:com.atmecs.testscripts.AddToCart@7f0eb4b4]" started-at="2019-08-27T20:33:23 IST" name="selectProduct" data-provider="getExcelData" finished-at="2019-08-27T20:33:32 IST" duration-ms="8738" status="PASS">
          <params>
            <param index="0">
              <value>
                <![CDATA[PLAYBOY X MISSGUIDED PLUS SIZE GREY LIPS PRINT FRONT CROPPED T SHIRT]]>
              </value>
            </param>
            <param index="1">
              <value>
                <![CDATA[44]]>
              </value>
            </param>
            <param index="2">
              <value>
                <![CDATA[Grey]]>
              </value>
            </param>
            <param index="3">
              <value>
                <![CDATA[1]]>
              </value>
            </param>
          </params>
          <reporter-output>
          </reporter-output>
        </test-method> <!-- selectProduct -->
        <test-method signature="removeProduct()[pri:2, instance:com.atmecs.testscripts.AddToCart@7f0eb4b4]" started-at="2019-08-27T20:33:32 IST" name="removeProduct" finished-at="2019-08-27T20:33:34 IST" duration-ms="2481" status="PASS">
          <reporter-output>
          </reporter-output>
        </test-method> <!-- removeProduct -->
        <test-method is-config="true" signature="tearDown()[pri:0, instance:com.atmecs.testscripts.AddToCart@7f0eb4b4]" started-at="2019-08-27T20:33:34 IST" name="tearDown" finished-at="2019-08-27T20:33:34 IST" duration-ms="111" status="PASS">
          <reporter-output>
          </reporter-output>
        </test-method> <!-- tearDown -->
      </class> <!-- com.atmecs.testscripts.AddToCart -->
    </test> <!-- The Demo_QA TestScripts -->
  </suite> <!-- DemoQaWebsite (0) -->
  <suite started-at="2019-08-27T20:33:35 IST" name="DemoQaWebsite (1)" finished-at="2019-08-27T20:33:48 IST" duration-ms="13054">
    <groups>
    </groups>
    <test started-at="2019-08-27T20:33:35 IST" name="The Demo_QA TestScripts" finished-at="2019-08-27T20:33:48 IST" duration-ms="13054">
      <class name="com.atmecs.testscripts.HomePage">
        <test-method is-config="true" signature="preSetup()[pri:0, instance:com.atmecs.testscripts.HomePage@4135c3b]" started-at="2019-08-27T20:33:35 IST" name="preSetup" finished-at="2019-08-27T20:33:47 IST" duration-ms="12688" status="PASS">
          <reporter-output>
          </reporter-output>
        </test-method> <!-- preSetup -->
        <test-method signature="navigateToUrl()[pri:0, instance:com.atmecs.testscripts.HomePage@4135c3b]" started-at="2019-08-27T20:33:47 IST" name="navigateToUrl" finished-at="2019-08-27T20:33:48 IST" duration-ms="86" status="PASS">
          <reporter-output>
          </reporter-output>
        </test-method> <!-- navigateToUrl -->
        <test-method is-config="true" signature="tearDown()[pri:0, instance:com.atmecs.testscripts.HomePage@4135c3b]" started-at="2019-08-27T20:33:48 IST" name="tearDown" finished-at="2019-08-27T20:33:48 IST" duration-ms="276" status="PASS">
          <reporter-output>
          </reporter-output>
        </test-method> <!-- tearDown -->
      </class> <!-- com.atmecs.testscripts.HomePage -->
    </test> <!-- The Demo_QA TestScripts -->
  </suite> <!-- DemoQaWebsite (1) -->
  <suite started-at="2019-08-27T20:34:25 IST" name="DemoQaWebsite" finished-at="2019-08-27T20:34:25 IST" duration-ms="0">
    <groups>
    </groups>
  </suite> <!-- DemoQaWebsite -->
</testng-results>
