<?xml version="1.0" encoding="UTF-8"?>
<!-- Generated by org.testng.reporters.JUnitXMLReporter -->
<testsuite ignored="0" hostname="ATMECSINDT-034" failures="0" tests="6" name="The Heat Clinic Website TestScripts" time="62.226" errors="0" timestamp="2019-08-06T16:13:20 IST">
  <testcase classname="com.atmecs.testscripts.CountProdTest" name="CountProdTest" time="0.937"/>
  <testcase classname="com.atmecs.testscripts.SortingTest" name="sortData" time="3.365"/>
  <testcase classname="com.atmecs.testscripts.SortByName" name="sort" time="4.182"/>
  <testcase classname="com.atmecs.testscripts.SortByLink" name="linksort" time="2.552"/>
  <testcase classname="com.atmecs.testscripts.AddToCart" name="addToCart" time="3.656"/>
  <testcase classname="com.atmecs.testscripts.CheckoutTest" name="checkout" time="10.159"/>
</testsuite> <!-- The Heat Clinic Website TestScripts -->
