<?xml version="1.0" encoding="UTF-8"?>
<!-- Generated by org.testng.reporters.JUnitXMLReporter -->
<testsuite ignored="0" hostname="ATMECSINDT-034" failures="0" tests="4" name="The Demo_QA TestScripts" time="37.551" errors="0" timestamp="27 Aug 2019 15:06:23 GMT">
  <testcase classname="com.atmecs.testscripts.SearchTest" name="selectProduct" time="11.005"/>
  <testcase classname="com.atmecs.testscripts.SearchTest" name="selectProduct" time="8.907"/>
  <testcase classname="com.atmecs.testscripts.SearchTest" name="clickOnCart" time="3.141"/>
  <testcase classname="com.atmecs.testscripts.SearchTest" name="getTableCount" time="0.039"/>
</testsuite> <!-- The Demo_QA TestScripts -->
