<?xml version="1.0" encoding="UTF-8"?>
<testng-results ignored="0" total="8" passed="8" failed="0" skipped="0">
  <reporter-output>
  </reporter-output>
  <suite started-at="2019-08-27T15:05:45Z" name="DemoQaWebsite (2)" finished-at="2019-08-27T15:06:23Z" duration-ms="37551">
    <groups>
    </groups>
    <test started-at="2019-08-27T15:05:45Z" name="The Demo_QA TestScripts" finished-at="2019-08-27T15:06:23Z" duration-ms="37551">
      <class name="com.atmecs.testscripts.SearchTest">
        <test-method is-config="true" signature="preSetup()[pri:0, instance:com.atmecs.testscripts.SearchTest@add0edd]" started-at="2019-08-27T15:05:45Z" name="preSetup" finished-at="2019-08-27T15:06:00Z" duration-ms="14305" status="PASS">
          <reporter-output>
          </reporter-output>
        </test-method> <!-- preSetup -->
        <test-method signature="selectProduct(java.lang.String, java.lang.String, java.lang.String, java.lang.String)[pri:1, instance:com.atmecs.testscripts.SearchTest@add0edd]" started-at="2019-08-27T15:06:00Z" name="selectProduct" data-provider="getExcelData" finished-at="2019-08-27T15:06:11Z" duration-ms="11005" status="PASS">
          <params>
            <param index="0">
              <value>
                <![CDATA[PINK DROP SHOULDER OVERSIZED T SHIRT]]>
              </value>
            </param>
            <param index="1">
              <value>
                <![CDATA[36]]>
              </value>
            </param>
            <param index="2">
              <value>
                <![CDATA[Pink]]>
              </value>
            </param>
            <param index="3">
              <value>
                <![CDATA[2]]>
              </value>
            </param>
          </params>
          <reporter-output>
          </reporter-output>
        </test-method> <!-- selectProduct -->
        <test-method signature="selectProduct(java.lang.String, java.lang.String, java.lang.String, java.lang.String)[pri:1, instance:com.atmecs.testscripts.SearchTest@add0edd]" started-at="2019-08-27T15:06:11Z" name="selectProduct" data-provider="getExcelData" finished-at="2019-08-27T15:06:20Z" duration-ms="8907" status="PASS">
          <params>
            <param index="0">
              <value>
                <![CDATA[PLAYBOY X MISSGUIDED PLUS SIZE GREY LIPS PRINT FRONT CROPPED T SHIRT]]>
              </value>
            </param>
            <param index="1">
              <value>
                <![CDATA[44]]>
              </value>
            </param>
            <param index="2">
              <value>
                <![CDATA[Grey]]>
              </value>
            </param>
            <param index="3">
              <value>
                <![CDATA[1]]>
              </value>
            </param>
          </params>
          <reporter-output>
          </reporter-output>
        </test-method> <!-- selectProduct -->
        <test-method signature="clickOnCart()[pri:2, instance:com.atmecs.testscripts.SearchTest@add0edd]" started-at="2019-08-27T15:06:20Z" name="clickOnCart" finished-at="2019-08-27T15:06:23Z" duration-ms="3141" status="PASS">
          <reporter-output>
          </reporter-output>
        </test-method> <!-- clickOnCart -->
        <test-method signature="getTableCount()[pri:3, instance:com.atmecs.testscripts.SearchTest@add0edd]" started-at="2019-08-27T15:06:23Z" name="getTableCount" finished-at="2019-08-27T15:06:23Z" duration-ms="39" status="PASS">
          <reporter-output>
          </reporter-output>
        </test-method> <!-- getTableCount -->
        <test-method is-config="true" signature="tearDown()[pri:0, instance:com.atmecs.testscripts.SearchTest@add0edd]" started-at="2019-08-27T15:06:23Z" name="tearDown" finished-at="2019-08-27T15:06:23Z" duration-ms="116" status="PASS">
          <reporter-output>
          </reporter-output>
        </test-method> <!-- tearDown -->
      </class> <!-- com.atmecs.testscripts.SearchTest -->
    </test> <!-- The Demo_QA TestScripts -->
  </suite> <!-- DemoQaWebsite (2) -->
  <suite started-at="2019-08-27T15:04:48Z" name="DemoQaWebsite (0)" finished-at="2019-08-27T15:05:30Z" duration-ms="42152">
    <groups>
    </groups>
    <test started-at="2019-08-27T15:04:48Z" name="The Demo_QA TestScripts" finished-at="2019-08-27T15:05:30Z" duration-ms="42152">
      <class name="com.atmecs.testscripts.AddToCart">
        <test-method is-config="true" signature="preSetup()[pri:0, instance:com.atmecs.testscripts.AddToCart@3b2da18f]" started-at="2019-08-27T15:04:48Z" name="preSetup" finished-at="2019-08-27T15:05:02Z" duration-ms="14623" status="PASS">
          <reporter-output>
          </reporter-output>
        </test-method> <!-- preSetup -->
        <test-method signature="selectProduct(java.lang.String, java.lang.String, java.lang.String, java.lang.String)[pri:1, instance:com.atmecs.testscripts.AddToCart@3b2da18f]" started-at="2019-08-27T15:05:03Z" name="selectProduct" data-provider="getExcelData" finished-at="2019-08-27T15:05:17Z" duration-ms="14071" status="PASS">
          <params>
            <param index="0">
              <value>
                <![CDATA[PINK DROP SHOULDER OVERSIZED T SHIRT]]>
              </value>
            </param>
            <param index="1">
              <value>
                <![CDATA[36]]>
              </value>
            </param>
            <param index="2">
              <value>
                <![CDATA[Pink]]>
              </value>
            </param>
            <param index="3">
              <value>
                <![CDATA[2]]>
              </value>
            </param>
          </params>
          <reporter-output>
          </reporter-output>
        </test-method> <!-- selectProduct -->
        <test-method signature="selectProduct(java.lang.String, java.lang.String, java.lang.String, java.lang.String)[pri:1, instance:com.atmecs.testscripts.AddToCart@3b2da18f]" started-at="2019-08-27T15:05:17Z" name="selectProduct" data-provider="getExcelData" finished-at="2019-08-27T15:05:27Z" duration-ms="9643" status="PASS">
          <params>
            <param index="0">
              <value>
                <![CDATA[PLAYBOY X MISSGUIDED PLUS SIZE GREY LIPS PRINT FRONT CROPPED T SHIRT]]>
              </value>
            </param>
            <param index="1">
              <value>
                <![CDATA[44]]>
              </value>
            </param>
            <param index="2">
              <value>
                <![CDATA[Grey]]>
              </value>
            </param>
            <param index="3">
              <value>
                <![CDATA[1]]>
              </value>
            </param>
          </params>
          <reporter-output>
          </reporter-output>
        </test-method> <!-- selectProduct -->
        <test-method signature="removeProduct()[pri:2, instance:com.atmecs.testscripts.AddToCart@3b2da18f]" started-at="2019-08-27T15:05:27Z" name="removeProduct" finished-at="2019-08-27T15:05:30Z" duration-ms="2669" status="PASS">
          <reporter-output>
          </reporter-output>
        </test-method> <!-- removeProduct -->
        <test-method is-config="true" signature="tearDown()[pri:0, instance:com.atmecs.testscripts.AddToCart@3b2da18f]" started-at="2019-08-27T15:05:30Z" name="tearDown" finished-at="2019-08-27T15:05:30Z" duration-ms="133" status="PASS">
          <reporter-output>
          </reporter-output>
        </test-method> <!-- tearDown -->
      </class> <!-- com.atmecs.testscripts.AddToCart -->
    </test> <!-- The Demo_QA TestScripts -->
  </suite> <!-- DemoQaWebsite (0) -->
  <suite started-at="2019-08-27T15:05:30Z" name="DemoQaWebsite (1)" finished-at="2019-08-27T15:05:45Z" duration-ms="15262">
    <groups>
    </groups>
    <test started-at="2019-08-27T15:05:30Z" name="The Demo_QA TestScripts" finished-at="2019-08-27T15:05:45Z" duration-ms="15262">
      <class name="com.atmecs.testscripts.HomePage">
        <test-method is-config="true" signature="preSetup()[pri:0, instance:com.atmecs.testscripts.HomePage@78047b92]" started-at="2019-08-27T15:05:30Z" name="preSetup" finished-at="2019-08-27T15:05:43Z" duration-ms="13019" status="PASS">
          <reporter-output>
          </reporter-output>
        </test-method> <!-- preSetup -->
        <test-method signature="navigateToUrl()[pri:0, instance:com.atmecs.testscripts.HomePage@78047b92]" started-at="2019-08-27T15:05:43Z" name="navigateToUrl" finished-at="2019-08-27T15:05:43Z" duration-ms="87" status="PASS">
          <reporter-output>
          </reporter-output>
        </test-method> <!-- navigateToUrl -->
        <test-method is-config="true" signature="tearDown()[pri:0, instance:com.atmecs.testscripts.HomePage@78047b92]" started-at="2019-08-27T15:05:43Z" name="tearDown" finished-at="2019-08-27T15:05:45Z" duration-ms="2155" status="PASS">
          <reporter-output>
          </reporter-output>
        </test-method> <!-- tearDown -->
      </class> <!-- com.atmecs.testscripts.HomePage -->
    </test> <!-- The Demo_QA TestScripts -->
  </suite> <!-- DemoQaWebsite (1) -->
  <suite started-at="2019-08-27T15:06:24Z" name="DemoQaWebsite" finished-at="2019-08-27T15:06:24Z" duration-ms="0">
    <groups>
    </groups>
  </suite> <!-- DemoQaWebsite -->
</testng-results>
